<?xml version="1.0" encoding="UTF-8"?>
<!-- Generated by org.testng.reporters.JUnitReportReporter -->
<testsuite skipped="0" hostname="DESKTOP-9FQ5FG2" name="com.test.DataDivenTest" tests="5" failures="0" timestamp="02 Jun 2020 20:15:47 GMT" time="94.695" errors="0">
  <testcase name="BrowserStackTest" time="19.421" classname="com.test.DataDivenTest"/>
  <testcase name="BrowserStackTest" time="20.133" classname="com.test.DataDivenTest"/>
  <testcase name="BrowserStackTest" time="18.025" classname="com.test.DataDivenTest"/>
  <testcase name="BrowserStackTest" time="17.636" classname="com.test.DataDivenTest"/>
  <testcase name="BrowserStackTest" time="19.480" classname="com.test.DataDivenTest"/>
</testsuite> <!-- com.test.DataDivenTest -->
